Traceback (most recent call last):
  File "/home/dah94/.local/bin/jupyter-lab", line 7, in <module>
    from jupyterlab.labapp import main
ModuleNotFoundError: No module named 'jupyterlab'
Traceback (most recent call last):
  File "/home/dah94/.local/bin/jupyter-lab", line 7, in <module>
    from jupyterlab.labapp import main
ModuleNotFoundError: No module named 'jupyterlab'
[I 2025-07-07 15:43:08.781 ServerApp] jupyter_lsp | extension was successfully linked.
[I 2025-07-07 15:43:08.799 ServerApp] jupyter_server_terminals | extension was successfully linked.
[I 2025-07-07 15:43:08.817 ServerApp] jupyterlab | extension was successfully linked.
[I 2025-07-07 15:43:10.491 ServerApp] notebook_shim | extension was successfully linked.
[I 2025-07-07 15:43:10.727 ServerApp] notebook_shim | extension was successfully loaded.
[I 2025-07-07 15:43:10.731 ServerApp] jupyter_lsp | extension was successfully loaded.
[I 2025-07-07 15:43:10.732 ServerApp] jupyter_server_terminals | extension was successfully loaded.
[I 2025-07-07 15:43:10.747 LabApp] JupyterLab extension loaded from /home/dah94/.cache/pypoetry/virtualenvs/pyslfp-E2Cqlfnk-py3.11/lib/python3.11/site-packages/jupyterlab
[I 2025-07-07 15:43:10.748 LabApp] JupyterLab application directory is /home/dah94/.cache/pypoetry/virtualenvs/pyslfp-E2Cqlfnk-py3.11/share/jupyter/lab
[I 2025-07-07 15:43:10.749 LabApp] Extension Manager is 'pypi'.
[I 2025-07-07 15:43:10.994 ServerApp] jupyterlab | extension was successfully loaded.
[I 2025-07-07 15:43:10.995 ServerApp] The port 3785 is already in use, trying another port.
[I 2025-07-07 15:43:10.995 ServerApp] Serving notebooks from local directory: /space/dah94/pyslfp
[I 2025-07-07 15:43:10.995 ServerApp] Jupyter Server 2.16.0 is running at:
[I 2025-07-07 15:43:10.995 ServerApp] http://127.0.0.1:3786/lab?token=6da989cf2fdb21f32a2f1ed30f09028c4930b9e28d2281e4
[I 2025-07-07 15:43:10.995 ServerApp] Use Control-C to stop this server and shut down all kernels (twice to skip confirmation).
[C 2025-07-07 15:43:11.000 ServerApp] 
    
    To access the server, open this file in a browser:
        file:///home/dah94/.local/share/jupyter/runtime/jpserver-445919-open.html
    Or copy and paste one of these URLs:
        http://127.0.0.1:3786/lab?token=6da989cf2fdb21f32a2f1ed30f09028c4930b9e28d2281e4
[I 2025-07-07 15:43:11.031 ServerApp] Skipped non-installed server(s): bash-language-server, dockerfile-language-server-nodejs, javascript-typescript-langserver, jedi-language-server, julia-language-server, pyright, python-language-server, python-lsp-server, r-languageserver, sql-language-server, texlab, typescript-language-server, unified-language-server, vscode-css-languageserver-bin, vscode-html-languageserver-bin, vscode-json-languageserver-bin, yaml-language-server
[I 2025-07-07 15:43:39.729 ServerApp] jupyter_lsp | extension was successfully linked.
[I 2025-07-07 15:43:39.745 ServerApp] jupyter_server_terminals | extension was successfully linked.
[I 2025-07-07 15:43:39.762 ServerApp] jupyterlab | extension was successfully linked.
[I 2025-07-07 15:43:40.237 ServerApp] notebook_shim | extension was successfully linked.
[I 2025-07-07 15:43:40.371 ServerApp] notebook_shim | extension was successfully loaded.
[I 2025-07-07 15:43:40.373 ServerApp] jupyter_lsp | extension was successfully loaded.
[I 2025-07-07 15:43:40.374 ServerApp] jupyter_server_terminals | extension was successfully loaded.
[I 2025-07-07 15:43:40.385 LabApp] JupyterLab extension loaded from /home/dah94/.cache/pypoetry/virtualenvs/pyslfp-E2Cqlfnk-py3.11/lib/python3.11/site-packages/jupyterlab
[I 2025-07-07 15:43:40.385 LabApp] JupyterLab application directory is /home/dah94/.cache/pypoetry/virtualenvs/pyslfp-E2Cqlfnk-py3.11/share/jupyter/lab
[I 2025-07-07 15:43:40.386 LabApp] Extension Manager is 'pypi'.
[I 2025-07-07 15:43:40.461 ServerApp] jupyterlab | extension was successfully loaded.
[I 2025-07-07 15:43:40.461 ServerApp] The port 3785 is already in use, trying another port.
[I 2025-07-07 15:43:40.461 ServerApp] The port 3786 is already in use, trying another port.
[I 2025-07-07 15:43:40.462 ServerApp] Serving notebooks from local directory: /space/dah94/pyslfp
[I 2025-07-07 15:43:40.462 ServerApp] Jupyter Server 2.16.0 is running at:
[I 2025-07-07 15:43:40.462 ServerApp] http://127.0.0.1:3787/lab?token=5030c3768ad6520fb4c9cbd22d9c92aec233b3c2dadcb08d
[I 2025-07-07 15:43:40.462 ServerApp] Use Control-C to stop this server and shut down all kernels (twice to skip confirmation).
[C 2025-07-07 15:43:40.466 ServerApp] 
    
    To access the server, open this file in a browser:
        file:///home/dah94/.local/share/jupyter/runtime/jpserver-447946-open.html
    Or copy and paste one of these URLs:
        http://127.0.0.1:3787/lab?token=5030c3768ad6520fb4c9cbd22d9c92aec233b3c2dadcb08d
[I 2025-07-07 15:43:40.492 ServerApp] Skipped non-installed server(s): bash-language-server, dockerfile-language-server-nodejs, javascript-typescript-langserver, jedi-language-server, julia-language-server, pyright, python-language-server, python-lsp-server, r-languageserver, sql-language-server, texlab, typescript-language-server, unified-language-server, vscode-css-languageserver-bin, vscode-html-languageserver-bin, vscode-json-languageserver-bin, yaml-language-server
